android/app/build/intermediates/manifest_merge_blame_file/debug/manifest-merger-blame-debug-report.txt
1<?xml version="1.0" encoding="utf-8"?>
2<manifest xmlns:android="http://schemas.android.com/apk/res/android"
3    package="com.invibetLatest"
4    android:versionCode="2"
5    android:versionName="1.2" >
6
7    <uses-sdk
8        android:minSdkVersion="26"
9        android:targetSdkVersion="34" />
10
11    <uses-permission android:name="android.permission.INTERNET" />
11-->src/main/AndroidManifest.xml:3:5-67
11-->src/main/AndroidManifest.xml:3:22-64
12    <uses-permission android:name="android.permission.POST_NOTIFICATIONS" /> <!-- camera -->
12-->src/main/AndroidManifest.xml:4:5-76
12-->src/main/AndroidManifest.xml:4:22-74
13    <uses-permission android:name="android.permission.CAMERA" />
13-->src/main/AndroidManifest.xml:6:3-63
13-->src/main/AndroidManifest.xml:6:20-60
14    <uses-permission android:name="android.permission.READ_EXTERNAL_STORAGE" />
14-->src/main/AndroidManifest.xml:7:3-78
14-->src/main/AndroidManifest.xml:7:20-75
15    <uses-permission
15-->src/main/AndroidManifest.xml:8:3-79
16        android:name="android.permission.WRITE_EXTERNAL_STORAGE"
16-->src/main/AndroidManifest.xml:8:20-76
17        android:maxSdkVersion="29" />
17-->[:react-native-image-crop-picker] AndroidManifest.xml:15:9-35
18
19    <uses-feature android:name="android.hardware.camera" /> <!-- bluetooth -->
19-->src/main/AndroidManifest.xml:9:3-58
19-->src/main/AndroidManifest.xml:9:17-55
20    <uses-permission
20-->src/main/AndroidManifest.xml:12:5-68
21        android:name="android.permission.BLUETOOTH"
21-->src/main/AndroidManifest.xml:12:22-65
22        android:maxSdkVersion="30" />
22-->[com.polidea.rxandroidble2:rxandroidble:1.17.2] AndroidManifest.xml:12:9-35
23    <uses-permission
23-->src/main/AndroidManifest.xml:13:5-74
24        android:name="android.permission.BLUETOOTH_ADMIN"
24-->src/main/AndroidManifest.xml:13:22-71
25        android:maxSdkVersion="30" />
25-->[com.polidea.rxandroidble2:rxandroidble:1.17.2] AndroidManifest.xml:15:9-35
26    <uses-permission android:name="android.permission.ACCESS_COARSE_LOCATION" />
26-->src/main/AndroidManifest.xml:14:5-81
26-->src/main/AndroidManifest.xml:14:22-78
27    <uses-permission android:name="android.permission.ACCESS_NETWORK_STATE" /> <!-- running in background -->
27-->src/main/AndroidManifest.xml:15:5-79
27-->src/main/AndroidManifest.xml:15:22-76
28    <uses-permission android:name="android.permission.FOREGROUND_SERVICE" />
28-->src/main/AndroidManifest.xml:18:3-75
28-->src/main/AndroidManifest.xml:18:20-72
29    <uses-permission android:name="android.permission.ACCESS_FINE_LOCATION" />
29-->src/main/AndroidManifest.xml:20:1-75
29-->src/main/AndroidManifest.xml:20:18-72
30    <uses-permission
30-->src/main/AndroidManifest.xml:21:1-69
31        android:name="android.permission.BLUETOOTH_SCAN"
31-->src/main/AndroidManifest.xml:21:18-66
32        android:usesPermissionFlags="neverForLocation" />
32-->[com.polidea.rxandroidble2:rxandroidble:1.17.2] AndroidManifest.xml:24:9-55
33    <uses-permission android:name="android.permission.BLUETOOTH_CONNECT" />
33-->src/main/AndroidManifest.xml:22:1-72
33-->src/main/AndroidManifest.xml:22:18-69
34    <uses-permission android:name="android.permission.WAKE_LOCK" />
34-->[:react-native-background-timer] AndroidManifest.xml:7:5-68
34-->[:react-native-background-timer] AndroidManifest.xml:7:22-65
35
36    <queries>
36-->[:react-native-image-crop-picker] AndroidManifest.xml:7:5-11:15
37        <intent>
37-->[:react-native-image-crop-picker] AndroidManifest.xml:8:9-10:18
38            <action android:name="android.media.action.IMAGE_CAPTURE" />
38-->[:react-native-image-crop-picker] AndroidManifest.xml:9:13-73
38-->[:react-native-image-crop-picker] AndroidManifest.xml:9:21-70
39        </intent>
40        <intent>
40-->[com.cashfree.pg:core:2.2.2] AndroidManifest.xml:20:9-26:18
41            <action android:name="android.intent.action.VIEW" />
41-->[com.cashfree.pg:core:2.2.2] AndroidManifest.xml:21:13-65
41-->[com.cashfree.pg:core:2.2.2] AndroidManifest.xml:21:21-62
42
43            <data
43-->[com.cashfree.pg:core:2.2.2] AndroidManifest.xml:23:13-25:40
44                android:host="pay"
44-->[com.cashfree.pg:core:2.2.2] AndroidManifest.xml:24:17-35
45                android:scheme="upi" />
45-->[com.cashfree.pg:core:2.2.2] AndroidManifest.xml:25:17-37
46        </intent>
47        <intent>
47-->[com.cashfree.pg:core:2.2.2] AndroidManifest.xml:27:9-33:18
48            <action android:name="android.intent.action.VIEW" />
48-->[com.cashfree.pg:core:2.2.2] AndroidManifest.xml:21:13-65
48-->[com.cashfree.pg:core:2.2.2] AndroidManifest.xml:21:21-62
49
50            <data
50-->[com.cashfree.pg:core:2.2.2] AndroidManifest.xml:23:13-25:40
51                android:host="mandate"
51-->[com.cashfree.pg:core:2.2.2] AndroidManifest.xml:24:17-35
52                android:scheme="upi" />
52-->[com.cashfree.pg:core:2.2.2] AndroidManifest.xml:25:17-37
53        </intent>
54
55        <package android:name="com.android.chrome" />
55-->[com.cashfree.pg:core:2.2.2] AndroidManifest.xml:35:9-54
55-->[com.cashfree.pg:core:2.2.2] AndroidManifest.xml:35:18-51
56    </queries>
57    <!--
58    This manifest file is used only by Gradle to configure debug-only capabilities
59    for React Native Apps.
60    -->
61    <uses-permission android:name="android.permission.SYSTEM_ALERT_WINDOW" />
61-->[com.facebook.react:react-android:0.74.2] AndroidManifest.xml:16:5-78
61-->[com.facebook.react:react-android:0.74.2] AndroidManifest.xml:16:22-75
62    <uses-permission
62-->[com.cashfree.pg:ui:2.2.2] AndroidManifest.xml:11:5-13:36
63        android:name="android.permission.NFC"
63-->[com.cashfree.pg:ui:2.2.2] AndroidManifest.xml:12:9-46
64        android:required="false" />
64-->[com.cashfree.pg:ui:2.2.2] AndroidManifest.xml:13:9-33
65
66    <uses-feature
66-->[com.cashfree.pg:core:2.2.2] AndroidManifest.xml:15:5-17:36
67        android:name="android.hardware.nfc"
67-->[com.cashfree.pg:core:2.2.2] AndroidManifest.xml:16:9-44
68        android:required="false" />
68-->[com.cashfree.pg:core:2.2.2] AndroidManifest.xml:17:9-33
69
70    <uses-permission android:name="android.permission.RECEIVE_BOOT_COMPLETED" /> <!-- Required by older versions of Google Play services to create IID tokens -->
70-->[androidx.work:work-runtime:2.8.0] AndroidManifest.xml:25:5-81
70-->[androidx.work:work-runtime:2.8.0] AndroidManifest.xml:25:22-78
71    <uses-permission android:name="com.google.android.c2dm.permission.RECEIVE" />
71-->[com.google.firebase:firebase-messaging:24.1.1] AndroidManifest.xml:26:5-82
71-->[com.google.firebase:firebase-messaging:24.1.1] AndroidManifest.xml:26:22-79
72
73    <permission
73-->[androidx.core:core:1.13.1] AndroidManifest.xml:22:5-24:47
74        android:name="com.invibetLatest.DYNAMIC_RECEIVER_NOT_EXPORTED_PERMISSION"
74-->[androidx.core:core:1.13.1] AndroidManifest.xml:23:9-81
75        android:protectionLevel="signature" />
75-->[androidx.core:core:1.13.1] AndroidManifest.xml:24:9-44
76
77    <uses-permission android:name="com.invibetLatest.DYNAMIC_RECEIVER_NOT_EXPORTED_PERMISSION" /> <!-- required for API 23 - 30, no android:maxSdkVersion because of a potential breaking change -->
77-->[androidx.core:core:1.13.1] AndroidManifest.xml:26:5-97
77-->[androidx.core:core:1.13.1] AndroidManifest.xml:26:22-94
78    <!-- TODO: add android:maxSdkVersion on 2.0.0 -->
79    <uses-permission-sdk-23 android:name="android.permission.ACCESS_COARSE_LOCATION" />
79-->[com.polidea.rxandroidble2:rxandroidble:1.17.2] AndroidManifest.xml:18:5-88
79-->[com.polidea.rxandroidble2:rxandroidble:1.17.2] AndroidManifest.xml:18:29-85
80    <uses-permission-sdk-23 android:name="android.permission.ACCESS_FINE_LOCATION" />
80-->[com.polidea.rxandroidble2:rxandroidble:1.17.2] AndroidManifest.xml:19:5-86
80-->[com.polidea.rxandroidble2:rxandroidble:1.17.2] AndroidManifest.xml:19:29-83
81
82    <uses-permission android:name="android.permission.READ_PHONE_STATE" />
82-->[:LHZLSDK:] AndroidManifest.xml:14:5-75
82-->[:LHZLSDK:] AndroidManifest.xml:14:22-72
83    <uses-permission android:name="android.permission.READ_CONTACTS" /> <!-- 读取通话记录权限 -->
83-->[:LHZLSDK:] AndroidManifest.xml:15:5-72
83-->[:LHZLSDK:] AndroidManifest.xml:15:22-69
84    <uses-permission android:name="android.permission.READ_CALL_LOG" />
84-->[:LHZLSDK:] AndroidManifest.xml:17:5-72
84-->[:LHZLSDK:] AndroidManifest.xml:17:22-69
85    <uses-permission android:name="android.permission.VIBRATE" />
85-->[app.notifee:core:202108261754] AndroidManifest.xml:13:5-66
85-->[app.notifee:core:202108261754] AndroidManifest.xml:13:22-63
86    <uses-permission android:name="android.permission.SCHEDULE_EXACT_ALARM" />
86-->[app.notifee:core:202108261754] AndroidManifest.xml:16:5-79
86-->[app.notifee:core:202108261754] AndroidManifest.xml:16:22-76
87    <uses-permission
87-->[app.notifee:core:202108261754] AndroidManifest.xml:17:5-19:38
88        android:name="android.permission.BROADCAST_CLOSE_SYSTEM_DIALOGS"
88-->[app.notifee:core:202108261754] AndroidManifest.xml:18:9-73
89        android:maxSdkVersion="30" /> <!-- For Xiaomi devices to enable heads-up notifications as default (https://github.com/invertase/notifee/issues/296) -->
89-->[app.notifee:core:202108261754] AndroidManifest.xml:19:9-35
90    <uses-permission
90-->[app.notifee:core:202108261754] AndroidManifest.xml:21:5-23:38
91        android:name="android.permission.ACCESS_NOTIFICATION_POLICY"
91-->[app.notifee:core:202108261754] AndroidManifest.xml:22:9-69
92        android:minSdkVersion="23" />
92-->[app.notifee:core:202108261754] AndroidManifest.xml:23:9-35
93
94    <application
94-->src/main/AndroidManifest.xml:26:5-48:19
95        android:name="com.invibetLatest.MainApplication"
95-->src/main/AndroidManifest.xml:27:7-38
96        android:allowBackup="false"
96-->src/main/AndroidManifest.xml:31:7-34
97        android:appComponentFactory="androidx.core.app.CoreComponentFactory"
97-->[androidx.core:core:1.13.1] AndroidManifest.xml:28:18-86
98        android:debuggable="true"
99        android:extractNativeLibs="true"
99-->src/main/AndroidManifest.xml:32:7-39
100        android:icon="@mipmap/ic_launcher"
100-->src/main/AndroidManifest.xml:29:7-41
101        android:label="@string/app_name"
101-->src/main/AndroidManifest.xml:28:7-39
102        android:roundIcon="@mipmap/ic_launcher_round"
102-->src/main/AndroidManifest.xml:30:7-52
103        android:supportsRtl="true"
103-->[com.cashfree.pg:core:2.2.2] AndroidManifest.xml:39:9-35
104        android:theme="@style/AppTheme"
104-->src/main/AndroidManifest.xml:33:7-38
105        android:usesCleartextTraffic="true" >
105-->src/main/AndroidManifest.xml:34:10-45
106        <activity
106-->src/main/AndroidManifest.xml:35:7-47:18
107            android:name="com.invibetLatest.MainActivity"
107-->src/main/AndroidManifest.xml:36:9-37
108            android:configChanges="keyboard|keyboardHidden|orientation|screenLayout|screenSize|smallestScreenSize|uiMode"
108-->src/main/AndroidManifest.xml:38:9-118
109            android:exported="true"
109-->src/main/AndroidManifest.xml:41:9-32
110            android:label="@string/app_name"
110-->src/main/AndroidManifest.xml:37:9-41
111            android:launchMode="singleTask"
111-->src/main/AndroidManifest.xml:39:9-40
112            android:windowSoftInputMode="adjustResize" >
112-->src/main/AndroidManifest.xml:40:9-51
113            <intent-filter>
113-->src/main/AndroidManifest.xml:43:9-46:25
114                <action android:name="android.intent.action.MAIN" />
114-->src/main/AndroidManifest.xml:44:13-65
114-->src/main/AndroidManifest.xml:44:21-62
115
116                <category android:name="android.intent.category.LAUNCHER" />
116-->src/main/AndroidManifest.xml:45:13-73
116-->src/main/AndroidManifest.xml:45:23-70
117            </intent-filter>
118        </activity>
119
120        <provider
120-->[:notifee_react-native] AndroidManifest.xml:8:9-12:40
121            android:name="io.invertase.notifee.NotifeeInitProvider"
121-->[:notifee_react-native] AndroidManifest.xml:9:13-68
122            android:authorities="com.invibetLatest.notifee-init-provider"
122-->[:notifee_react-native] AndroidManifest.xml:10:13-73
123            android:exported="false"
123-->[:notifee_react-native] AndroidManifest.xml:11:13-37
124            android:initOrder="-100" />
124-->[:notifee_react-native] AndroidManifest.xml:12:13-37
125
126        <service
126-->[:react-native-firebase_messaging] AndroidManifest.xml:12:9-14:40
127            android:name="io.invertase.firebase.messaging.ReactNativeFirebaseMessagingHeadlessService"
127-->[:react-native-firebase_messaging] AndroidManifest.xml:13:13-103
128            android:exported="false" />
128-->[:react-native-firebase_messaging] AndroidManifest.xml:14:13-37
129        <service
129-->[:react-native-firebase_messaging] AndroidManifest.xml:15:9-21:19
130            android:name="io.invertase.firebase.messaging.ReactNativeFirebaseMessagingService"
130-->[:react-native-firebase_messaging] AndroidManifest.xml:16:13-95
131            android:exported="false" >
131-->[:react-native-firebase_messaging] AndroidManifest.xml:17:13-37
132            <intent-filter>
132-->[:react-native-firebase_messaging] AndroidManifest.xml:18:13-20:29
133                <action android:name="com.google.firebase.MESSAGING_EVENT" />
133-->[:react-native-firebase_messaging] AndroidManifest.xml:19:17-78
133-->[:react-native-firebase_messaging] AndroidManifest.xml:19:25-75
134            </intent-filter>
135        </service>
136
137        <receiver
137-->[:react-native-firebase_messaging] AndroidManifest.xml:23:9-30:20
138            android:name="io.invertase.firebase.messaging.ReactNativeFirebaseMessagingReceiver"
138-->[:react-native-firebase_messaging] AndroidManifest.xml:24:13-96
139            android:exported="true"
139-->[:react-native-firebase_messaging] AndroidManifest.xml:25:13-36
140            android:permission="com.google.android.c2dm.permission.SEND" >
140-->[:react-native-firebase_messaging] AndroidManifest.xml:26:13-73
141            <intent-filter>
141-->[:react-native-firebase_messaging] AndroidManifest.xml:27:13-29:29
142                <action android:name="com.google.android.c2dm.intent.RECEIVE" />
142-->[:react-native-firebase_messaging] AndroidManifest.xml:28:17-81
142-->[:react-native-firebase_messaging] AndroidManifest.xml:28:25-78
143            </intent-filter>
144        </receiver>
145
146        <meta-data
146-->[:react-native-firebase_messaging] AndroidManifest.xml:32:9-34:37
147            android:name="delivery_metrics_exported_to_big_query_enabled"
147-->[:react-native-firebase_messaging] AndroidManifest.xml:33:13-74
148            android:value="false" />
148-->[:react-native-firebase_messaging] AndroidManifest.xml:34:13-34
149        <meta-data
149-->[:react-native-firebase_messaging] AndroidManifest.xml:35:9-37:36
150            android:name="firebase_messaging_auto_init_enabled"
150-->[:react-native-firebase_messaging] AndroidManifest.xml:36:13-64
151            android:value="true" />
151-->[:react-native-firebase_messaging] AndroidManifest.xml:37:13-33
152        <meta-data
152-->[:react-native-firebase_messaging] AndroidManifest.xml:38:9-40:37
153            android:name="firebase_messaging_notification_delegation_enabled"
153-->[:react-native-firebase_messaging] AndroidManifest.xml:39:13-78
154            android:value="false" />
154-->[:react-native-firebase_messaging] AndroidManifest.xml:40:13-34
155        <meta-data
155-->[:react-native-firebase_messaging] AndroidManifest.xml:41:9-43:32
156            android:name="com.google.firebase.messaging.default_notification_channel_id"
156-->[:react-native-firebase_messaging] AndroidManifest.xml:42:13-89
157            android:value="" />
157-->[:react-native-firebase_messaging] AndroidManifest.xml:43:13-29
158        <meta-data
158-->[:react-native-firebase_messaging] AndroidManifest.xml:44:9-46:47
159            android:name="com.google.firebase.messaging.default_notification_color"
159-->[:react-native-firebase_messaging] AndroidManifest.xml:45:13-84
160            android:resource="@color/white" />
160-->[:react-native-firebase_messaging] AndroidManifest.xml:46:13-44
161        <meta-data
161-->[:react-native-firebase_app] AndroidManifest.xml:9:9-11:36
162            android:name="app_data_collection_default_enabled"
162-->[:react-native-firebase_app] AndroidManifest.xml:10:13-63
163            android:value="true" />
163-->[:react-native-firebase_app] AndroidManifest.xml:11:13-33
164
165        <service
165-->[:react-native-firebase_app] AndroidManifest.xml:13:9-21:19
166            android:name="com.google.firebase.components.ComponentDiscoveryService"
166-->[:react-native-firebase_app] AndroidManifest.xml:14:13-84
167            android:directBootAware="true"
167-->[:react-native-firebase_app] AndroidManifest.xml:15:13-43
168            android:exported="false" >
168-->[:react-native-firebase_app] AndroidManifest.xml:16:13-37
169            <meta-data
169-->[:react-native-firebase_app] AndroidManifest.xml:18:13-20:85
170                android:name="com.google.firebase.components:io.invertase.firebase.app.ReactNativeFirebaseAppRegistrar"
170-->[:react-native-firebase_app] AndroidManifest.xml:19:17-120
171                android:value="com.google.firebase.components.ComponentRegistrar" />
171-->[:react-native-firebase_app] AndroidManifest.xml:20:17-82
172            <meta-data
172-->[com.google.firebase:firebase-messaging:24.1.1] AndroidManifest.xml:57:13-59:85
173                android:name="com.google.firebase.components:com.google.firebase.messaging.FirebaseMessagingKtxRegistrar"
173-->[com.google.firebase:firebase-messaging:24.1.1] AndroidManifest.xml:58:17-122
174                android:value="com.google.firebase.components.ComponentRegistrar" />
174-->[com.google.firebase:firebase-messaging:24.1.1] AndroidManifest.xml:59:17-82
175            <meta-data
175-->[com.google.firebase:firebase-messaging:24.1.1] AndroidManifest.xml:60:13-62:85
176                android:name="com.google.firebase.components:com.google.firebase.messaging.FirebaseMessagingRegistrar"
176-->[com.google.firebase:firebase-messaging:24.1.1] AndroidManifest.xml:61:17-119
177                android:value="com.google.firebase.components.ComponentRegistrar" />
177-->[com.google.firebase:firebase-messaging:24.1.1] AndroidManifest.xml:62:17-82
178            <meta-data
178-->[com.google.firebase:firebase-installations:18.0.0] AndroidManifest.xml:15:13-17:85
179                android:name="com.google.firebase.components:com.google.firebase.installations.FirebaseInstallationsKtxRegistrar"
179-->[com.google.firebase:firebase-installations:18.0.0] AndroidManifest.xml:16:17-130
180                android:value="com.google.firebase.components.ComponentRegistrar" />
180-->[com.google.firebase:firebase-installations:18.0.0] AndroidManifest.xml:17:17-82
181            <meta-data
181-->[com.google.firebase:firebase-installations:18.0.0] AndroidManifest.xml:18:13-20:85
182                android:name="com.google.firebase.components:com.google.firebase.installations.FirebaseInstallationsRegistrar"
182-->[com.google.firebase:firebase-installations:18.0.0] AndroidManifest.xml:19:17-127
183                android:value="com.google.firebase.components.ComponentRegistrar" />
183-->[com.google.firebase:firebase-installations:18.0.0] AndroidManifest.xml:20:17-82
184            <meta-data
184-->[com.google.firebase:firebase-common-ktx:21.0.0] AndroidManifest.xml:12:13-14:85
185                android:name="com.google.firebase.components:com.google.firebase.ktx.FirebaseCommonLegacyRegistrar"
185-->[com.google.firebase:firebase-common-ktx:21.0.0] AndroidManifest.xml:13:17-116
186                android:value="com.google.firebase.components.ComponentRegistrar" />
186-->[com.google.firebase:firebase-common-ktx:21.0.0] AndroidManifest.xml:14:17-82
187            <meta-data
187-->[com.google.firebase:firebase-common:21.0.0] AndroidManifest.xml:35:13-37:85
188                android:name="com.google.firebase.components:com.google.firebase.FirebaseCommonKtxRegistrar"
188-->[com.google.firebase:firebase-common:21.0.0] AndroidManifest.xml:36:17-109
189                android:value="com.google.firebase.components.ComponentRegistrar" />
189-->[com.google.firebase:firebase-common:21.0.0] AndroidManifest.xml:37:17-82
190            <meta-data
190-->[com.google.firebase:firebase-datatransport:18.2.0] AndroidManifest.xml:25:13-27:85
191                android:name="com.google.firebase.components:com.google.firebase.datatransport.TransportRegistrar"
191-->[com.google.firebase:firebase-datatransport:18.2.0] AndroidManifest.xml:26:17-115
192                android:value="com.google.firebase.components.ComponentRegistrar" />
192-->[com.google.firebase:firebase-datatransport:18.2.0] AndroidManifest.xml:27:17-82
193        </service>
194
195        <provider
195-->[:react-native-firebase_app] AndroidManifest.xml:23:9-27:38
196            android:name="io.invertase.firebase.app.ReactNativeFirebaseAppInitProvider"
196-->[:react-native-firebase_app] AndroidManifest.xml:24:13-88
197            android:authorities="com.invibetLatest.reactnativefirebaseappinitprovider"
197-->[:react-native-firebase_app] AndroidManifest.xml:25:13-86
198            android:exported="false"
198-->[:react-native-firebase_app] AndroidManifest.xml:26:13-37
199            android:initOrder="99" />
199-->[:react-native-firebase_app] AndroidManifest.xml:27:13-35
200        <provider
200-->[:react-native-image-crop-picker] AndroidManifest.xml:18:9-26:20
201            android:name="com.reactnative.ivpusic.imagepicker.IvpusicImagePickerFileProvider"
201-->[:react-native-image-crop-picker] AndroidManifest.xml:19:13-94
202            android:authorities="com.invibetLatest.provider"
202-->[:react-native-image-crop-picker] AndroidManifest.xml:20:13-60
203            android:exported="false"
203-->[:react-native-image-crop-picker] AndroidManifest.xml:21:13-37
204            android:grantUriPermissions="true" >
204-->[:react-native-image-crop-picker] AndroidManifest.xml:22:13-47
205            <meta-data
205-->[:react-native-image-crop-picker] AndroidManifest.xml:23:13-25:78
206                android:name="android.support.FILE_PROVIDER_PATHS"
206-->[:react-native-image-crop-picker] AndroidManifest.xml:24:17-67
207                android:resource="@xml/ivpusic_imagepicker_provider_paths" />
207-->[:react-native-image-crop-picker] AndroidManifest.xml:25:17-75
208        </provider>
209
210        <activity
210-->[:react-native-image-crop-picker] AndroidManifest.xml:28:9-30:72
211            android:name="com.yalantis.ucrop.UCropActivity"
211-->[:react-native-image-crop-picker] AndroidManifest.xml:29:13-60
212            android:theme="@style/Theme.AppCompat.Light.NoActionBar" /> <!-- Prompt Google Play services to install the backported photo picker module -->
212-->[:react-native-image-crop-picker] AndroidManifest.xml:30:13-69
213        <service
213-->[:react-native-image-crop-picker] AndroidManifest.xml:33:9-44:19
214            android:name="com.google.android.gms.metadata.ModuleDependencies"
214-->[:react-native-image-crop-picker] AndroidManifest.xml:34:13-78
215            android:enabled="false"
215-->[:react-native-image-crop-picker] AndroidManifest.xml:35:13-36
216            android:exported="false" >
216-->[:react-native-image-crop-picker] AndroidManifest.xml:36:13-37
217            <intent-filter>
217-->[:react-native-image-crop-picker] AndroidManifest.xml:37:13-39:29
218                <action android:name="com.google.android.gms.metadata.MODULE_DEPENDENCIES" />
218-->[:react-native-image-crop-picker] AndroidManifest.xml:38:17-94
218-->[:react-native-image-crop-picker] AndroidManifest.xml:38:25-91
219            </intent-filter>
220
221            <meta-data
221-->[:react-native-image-crop-picker] AndroidManifest.xml:41:13-43:36
222                android:name="photopicker_activity:0:required"
222-->[:react-native-image-crop-picker] AndroidManifest.xml:42:17-63
223                android:value="" />
223-->[:react-native-image-crop-picker] AndroidManifest.xml:43:17-33
224        </service>
225
226        <provider
226-->[:react-native-webview] AndroidManifest.xml:8:9-16:20
227            android:name="com.reactnativecommunity.webview.RNCWebViewFileProvider"
227-->[:react-native-webview] AndroidManifest.xml:9:13-83
228            android:authorities="com.invibetLatest.fileprovider"
228-->[:react-native-webview] AndroidManifest.xml:10:13-64
229            android:exported="false"
229-->[:react-native-webview] AndroidManifest.xml:11:13-37
230            android:grantUriPermissions="true" >
230-->[:react-native-webview] AndroidManifest.xml:12:13-47
231            <meta-data
231-->[:react-native-image-crop-picker] AndroidManifest.xml:23:13-25:78
232                android:name="android.support.FILE_PROVIDER_PATHS"
232-->[:react-native-image-crop-picker] AndroidManifest.xml:24:17-67
233                android:resource="@xml/file_provider_paths" />
233-->[:react-native-image-crop-picker] AndroidManifest.xml:25:17-75
234        </provider>
235
236        <activity
236-->[com.facebook.react:react-android:0.74.2] AndroidManifest.xml:19:9-21:40
237            android:name="com.facebook.react.devsupport.DevSettingsActivity"
237-->[com.facebook.react:react-android:0.74.2] AndroidManifest.xml:20:13-77
238            android:exported="false" />
238-->[com.facebook.react:react-android:0.74.2] AndroidManifest.xml:21:13-37
239
240        <provider
240-->[com.cashfree.pg:api:2.2.2] AndroidManifest.xml:10:9-13:40
241            android:name="com.cashfree.pg.api.CashfreeCoreContentProvider"
241-->[com.cashfree.pg:api:2.2.2] AndroidManifest.xml:11:13-75
242            android:authorities="com.invibetLatest.cashfreecorecontentprovider"
242-->[com.cashfree.pg:api:2.2.2] AndroidManifest.xml:12:13-79
243            android:exported="false" />
243-->[com.cashfree.pg:api:2.2.2] AndroidManifest.xml:13:13-37
244
245        <meta-data
245-->[com.cashfree.pg:api:2.2.2] AndroidManifest.xml:15:9-17:78
246            android:name="cashfree_pg_core_auto_initialization_enabled"
246-->[com.cashfree.pg:api:2.2.2] AndroidManifest.xml:16:13-72
247            android:value="@bool/cashfree_pg_core_auto_initialize_enabled" />
247-->[com.cashfree.pg:api:2.2.2] AndroidManifest.xml:17:13-75
248        <meta-data
248-->[com.cashfree.pg:api:2.2.2] AndroidManifest.xml:18:9-20:72
249            android:name="cashfree_pg_core_reporting_enabled"
249-->[com.cashfree.pg:api:2.2.2] AndroidManifest.xml:19:13-62
250            android:value="@bool/cashfree_pg_core_reporting_enabled" />
250-->[com.cashfree.pg:api:2.2.2] AndroidManifest.xml:20:13-69
251
252        <activity
252-->[com.cashfree.pg:ui:2.2.2] AndroidManifest.xml:16:9-36:20
253            android:name="com.cashfree.pg.ui.hidden.checkout.CashfreeNativeCheckoutActivity"
253-->[com.cashfree.pg:ui:2.2.2] AndroidManifest.xml:17:13-93
254            android:exported="false"
254-->[com.cashfree.pg:ui:2.2.2] AndroidManifest.xml:18:13-37
255            android:launchMode="singleTop"
255-->[com.cashfree.pg:ui:2.2.2] AndroidManifest.xml:19:13-43
256            android:screenOrientation="portrait"
256-->[com.cashfree.pg:ui:2.2.2] AndroidManifest.xml:20:13-49
257            android:theme="@style/CFUITheme"
257-->[com.cashfree.pg:ui:2.2.2] AndroidManifest.xml:21:13-45
258            android:windowSoftInputMode="adjustPan" >
258-->[com.cashfree.pg:ui:2.2.2] AndroidManifest.xml:22:13-52
259            <intent-filter>
259-->[com.cashfree.pg:ui:2.2.2] AndroidManifest.xml:23:13-27:29
260                <action android:name="android.nfc.action.TECH_DISCOVERED" />
260-->[com.cashfree.pg:ui:2.2.2] AndroidManifest.xml:24:17-77
260-->[com.cashfree.pg:ui:2.2.2] AndroidManifest.xml:24:25-74
261
262                <category android:name="android.intent.category.DEFAULT" />
262-->[com.cashfree.pg:ui:2.2.2] AndroidManifest.xml:26:17-76
262-->[com.cashfree.pg:ui:2.2.2] AndroidManifest.xml:26:27-73
263            </intent-filter>
264            <intent-filter>
264-->[com.cashfree.pg:ui:2.2.2] AndroidManifest.xml:28:13-32:29
265                <action android:name="android.nfc.action.TAG_DISCOVERED" />
265-->[com.cashfree.pg:ui:2.2.2] AndroidManifest.xml:29:17-76
265-->[com.cashfree.pg:ui:2.2.2] AndroidManifest.xml:29:25-73
266
267                <category android:name="android.intent.category.DEFAULT" />
267-->[com.cashfree.pg:ui:2.2.2] AndroidManifest.xml:26:17-76
267-->[com.cashfree.pg:ui:2.2.2] AndroidManifest.xml:26:27-73
268            </intent-filter>
269            <intent-filter>
269-->[com.cashfree.pg:ui:2.2.2] AndroidManifest.xml:33:13-35:29
270                <action android:name="android.nfc.action.NDEF_DISCOVERED" />
270-->[com.cashfree.pg:ui:2.2.2] AndroidManifest.xml:34:17-77
270-->[com.cashfree.pg:ui:2.2.2] AndroidManifest.xml:34:25-74
271            </intent-filter>
272        </activity>
273        <activity
273-->[com.cashfree.pg:ui:2.2.2] AndroidManifest.xml:37:9-41:54
274            android:name="com.cashfree.pg.ui.hidden.seamless.CFDropSeamlessActivity"
274-->[com.cashfree.pg:ui:2.2.2] AndroidManifest.xml:38:13-85
275            android:exported="false"
275-->[com.cashfree.pg:ui:2.2.2] AndroidManifest.xml:39:13-37
276            android:launchMode="singleTop"
276-->[com.cashfree.pg:ui:2.2.2] AndroidManifest.xml:40:13-43
277            android:theme="@style/CFSeamlessStyle" />
277-->[com.cashfree.pg:ui:2.2.2] AndroidManifest.xml:41:13-51
278
279        <meta-data
279-->[com.cashfree.pg:core:2.2.2] AndroidManifest.xml:41:9-43:36
280            android:name="android.webkit.WebView.EnableSafeBrowsing"
280-->[com.cashfree.pg:core:2.2.2] AndroidManifest.xml:42:13-69
281            android:value="true" />
281-->[com.cashfree.pg:core:2.2.2] AndroidManifest.xml:43:13-33
282
283        <activity
283-->[com.cashfree.pg:core:2.2.2] AndroidManifest.xml:45:9-49:53